<?xml version="1.0" encoding="UTF-8" ?>
<testsuite tests="4" failures="2" name="TestSuite" time="103.273" errors="0" skipped="1">
  <properties>
    <property name="java.runtime.name" value="Java(TM) SE Runtime Environment"/>
    <property name="sun.boot.library.path" value="C:\Program Files\Java\jdk1.8.0_60\jre\bin"/>
    <property name="java.vm.version" value="25.60-b23"/>
    <property name="java.vm.vendor" value="Oracle Corporation"/>
    <property name="maven.multiModuleProjectDirectory" value="C:\training2016\november-class\workspace\TestAutomation_week13\TestAutomation"/>
    <property name="java.vendor.url" value="http://java.oracle.com/"/>
    <property name="path.separator" value=";"/>
    <property name="guice.disable.misplaced.annotation.check" value="true"/>
    <property name="java.vm.name" value="Java HotSpot(TM) 64-Bit Server VM"/>
    <property name="file.encoding.pkg" value="sun.io"/>
    <property name="user.script" value=""/>
    <property name="user.country" value="US"/>
    <property name="sun.java.launcher" value="SUN_STANDARD"/>
    <property name="sun.os.patch.level" value="Service Pack 1"/>
    <property name="java.vm.specification.name" value="Java Virtual Machine Specification"/>
    <property name="user.dir" value="C:\training2016\november-class\workspace\TestAutomation_week13\TestAutomation"/>
    <property name="java.runtime.version" value="1.8.0_60-b27"/>
    <property name="java.awt.graphicsenv" value="sun.awt.Win32GraphicsEnvironment"/>
    <property name="java.endorsed.dirs" value="C:\Program Files\Java\jdk1.8.0_60\jre\lib\endorsed"/>
    <property name="os.arch" value="amd64"/>
    <property name="java.io.tmpdir" value="C:\Users\Adil\AppData\Local\Temp\"/>
    <property name="line.separator" value="
"/>
    <property name="java.vm.specification.vendor" value="Oracle Corporation"/>
    <property name="user.variant" value=""/>
    <property name="os.name" value="Windows 7"/>
    <property name="classworlds.conf" value="C:\Users\Adil\Documents\My jars\apache-maven-3.5.0-bin\apache-maven-3.5.0\bin\..\bin\m2.conf"/>
    <property name="sun.jnu.encoding" value="Cp1252"/>
    <property name="java.library.path" value="C:\Program Files\Java\jdk1.8.0_60\bin;C:\windows\Sun\Java\bin;C:\windows\system32;C:\windows;C:\oraclexe\app\oracle\product\11.2.0\server\bin;;C:\ProgramData\Oracle\Java\javapath;C:\Program Files (x86)\Intel\iCLS Client\;C:\Program Files\Intel\iCLS Client\;C:\windows\system32;C:\windows;C:\windows\System32\Wbem;C:\windows\System32\WindowsPowerShell\v1.0\;c:\Program Files (x86)\ATI Technologies\ATI.ACE\Core-Static;C:\Program Files\Intel\Intel(R) Management Engine Components\DAL;C:\Program Files (x86)\Intel\Intel(R) Management Engine Components\DAL;C:\Program Files\Intel\Intel(R) Management Engine Components\IPT;C:\Program Files (x86)\Intel\Intel(R) Management Engine Components\IPT;C:\Program Files\Java\jdk1.8.0_60\bin;C:\Program Files (x86)\Skype\Phone\;C:\Users\Adil\Documents\My jars\apache-maven-3.5.0-bin\apache-maven-3.5.0\bin;C:\Users\Adil\Documents\My jars\apache-ant-1.9.8-bin\apache-ant-1.9.8\bin;."/>
    <property name="maven.conf" value="C:\Users\Adil\Documents\My jars\apache-maven-3.5.0-bin\apache-maven-3.5.0\bin\../conf"/>
    <property name="java.specification.name" value="Java Platform API Specification"/>
    <property name="java.class.version" value="52.0"/>
    <property name="sun.management.compiler" value="HotSpot 64-Bit Tiered Compilers"/>
    <property name="os.version" value="6.1"/>
    <property name="library.jansi.path" value="C:\Users\Adil\Documents\My jars\apache-maven-3.5.0-bin\apache-maven-3.5.0\bin\..\lib\jansi-native\windows64"/>
    <property name="user.home" value="C:\Users\Adil"/>
    <property name="user.timezone" value="America/New_York"/>
    <property name="java.awt.printerjob" value="sun.awt.windows.WPrinterJob"/>
    <property name="java.specification.version" value="1.8"/>
    <property name="file.encoding" value="Cp1252"/>
    <property name="user.name" value="Adil"/>
    <property name="java.class.path" value="C:\Users\Adil\Documents\My jars\apache-maven-3.5.0-bin\apache-maven-3.5.0\bin\..\boot\plexus-classworlds-2.5.2.jar"/>
    <property name="java.vm.specification.version" value="1.8"/>
    <property name="sun.arch.data.model" value="64"/>
    <property name="java.home" value="C:\Program Files\Java\jdk1.8.0_60\jre"/>
    <property name="sun.java.command" value="org.codehaus.plexus.classworlds.launcher.Launcher clean compile test"/>
    <property name="java.specification.vendor" value="Oracle Corporation"/>
    <property name="user.language" value="en"/>
    <property name="awt.toolkit" value="sun.awt.windows.WToolkit"/>
    <property name="java.vm.info" value="mixed mode"/>
    <property name="java.version" value="1.8.0_60"/>
    <property name="java.ext.dirs" value="C:\Program Files\Java\jdk1.8.0_60\jre\lib\ext;C:\windows\Sun\Java\lib\ext"/>
    <property name="sun.boot.class.path" value="C:\Program Files\Java\jdk1.8.0_60\jre\lib\resources.jar;C:\Program Files\Java\jdk1.8.0_60\jre\lib\rt.jar;C:\Program Files\Java\jdk1.8.0_60\jre\lib\sunrsasign.jar;C:\Program Files\Java\jdk1.8.0_60\jre\lib\jsse.jar;C:\Program Files\Java\jdk1.8.0_60\jre\lib\jce.jar;C:\Program Files\Java\jdk1.8.0_60\jre\lib\charsets.jar;C:\Program Files\Java\jdk1.8.0_60\jre\lib\jfr.jar;C:\Program Files\Java\jdk1.8.0_60\jre\classes"/>
    <property name="sun.stderr.encoding" value="cp437"/>
    <property name="java.vendor" value="Oracle Corporation"/>
    <property name="maven.home" value="C:\Users\Adil\Documents\My jars\apache-maven-3.5.0-bin\apache-maven-3.5.0\bin\.."/>
    <property name="file.separator" value="\"/>
    <property name="java.vendor.url.bug" value="http://bugreport.sun.com/bugreport/"/>
    <property name="sun.cpu.endian" value="little"/>
    <property name="sun.io.unicode.encoding" value="UnicodeLittle"/>
    <property name="sun.stdout.encoding" value="cp437"/>
    <property name="sun.desktop" value="windows"/>
    <property name="sun.cpu.isalist" value="amd64"/>
  </properties>
  <testcase classname="com.selenium.week4.MorgageCalculatorTest" name="testing_MorgageCalculator" time="26.783"/>
  <testcase classname="com.learning.selenium.SearchIphoneTest" name="setUp" time="76.49">
    <failure message="Failed to connect to binary FirefoxBinary(C:\Program Files\Mozilla Firefox\firefox.exe) on port 7055; process output follows: 
assic/1.0&quot;,&quot;updateURL&quot;:null,&quot;updateKey&quot;:null,&quot;optionsURL&quot;:null,&quot;optionsType&quot;:null,&quot;aboutURL&quot;:null,&quot;icons&quot;:{&quot;32&quot;:&quot;icon.png&quot;,&quot;48&quot;:&quot;icon.png&quot;},&quot;iconURL&quot;:null,&quot;icon64URL&quot;:null,&quot;defaultLocale&quot;:{&quot;name&quot;:&quot;Default&quot;,&quot;description&quot;:&quot;The default theme.&quot;,&quot;creator&quot;:&quot;Mozilla&quot;,&quot;homepageURL&quot;:null,&quot;contributors&quot;:[&quot;Mozilla Contributors&quot;]},&quot;visible&quot;:true,&quot;active&quot;:true,&quot;userDisabled&quot;:false,&quot;appDisabled&quot;:false,&quot;descriptor&quot;:&quot;C:\\Program Files\\Mozilla Firefox\\browser\\extensions\\{972ce4c6-7e08-4474-a285-3208198ce6fd}.xpi&quot;,&quot;installDate&quot;:1469558821000,&quot;updateDate&quot;:1469558821000,&quot;applyBackgroundUpdates&quot;:1,&quot;skinnable&quot;:true,&quot;size&quot;:21899,&quot;sourceURI&quot;:null,&quot;releaseNotesURI&quot;:null,&quot;softDisabled&quot;:false,&quot;foreignInstall&quot;:false,&quot;hasBinaryComponents&quot;:false,&quot;strictCompatibility&quot;:true,&quot;locales&quot;:[],&quot;targetApplications&quot;:[{&quot;id&quot;:&quot;{ec8030f7-c20a-464f-9b0e-13a3a9e97384}&quot;,&quot;minVersion&quot;:&quot;48.0&quot;,&quot;maxVersion&quot;:&quot;48.0&quot;}],&quot;targetPlatforms&quot;:[],&quot;seen&quot;:true}
1495064548119	addons.xpi	DEBUG	getModTime: Recursive scan of {972ce4c6-7e08-4474-a285-3208198ce6fd}
1495064548120	DeferredSave.extensions.json	DEBUG	Save changes
1495064548120	addons.xpi	DEBUG	Updating database with changes to installed add-ons
1495064548121	addons.xpi-utils	DEBUG	Updating add-on states
1495064548122	addons.xpi-utils	DEBUG	Writing add-ons list
1495064548126	addons.xpi	DEBUG	Registering manifest for C:\Program Files\Mozilla Firefox\browser\features\e10srollout@mozilla.org.xpi
1495064548127	addons.xpi	DEBUG	Calling bootstrap method startup on e10srollout@mozilla.org version 1.0
1495064548127	addons.xpi	DEBUG	Registering manifest for C:\Program Files\Mozilla Firefox\browser\features\firefox@getpocket.com.xpi
1495064548128	addons.xpi	DEBUG	Calling bootstrap method startup on firefox@getpocket.com version 1.0.4
1495064548128	addons.xpi	DEBUG	Registering manifest for C:\Program Files\Mozilla Firefox\browser\features\loop@mozilla.org.xpi
1495064548129	addons.xpi	DEBUG	Calling bootstrap method startup on loop@mozilla.org version 1.4.3
1495064548151	addons.manager	DEBUG	Registering shutdown blocker for XPIProvider
1495064548152	addons.manager	DEBUG	Provider finished startup: XPIProvider
1495064548152	addons.manager	DEBUG	Starting provider: LightweightThemeManager
1495064548152	addons.manager	DEBUG	Registering shutdown blocker for LightweightThemeManager
1495064548152	addons.manager	DEBUG	Provider finished startup: LightweightThemeManager
1495064548153	addons.manager	DEBUG	Starting provider: GMPProvider
1495064548161	addons.manager	DEBUG	Registering shutdown blocker for GMPProvider
1495064548161	addons.manager	DEBUG	Provider finished startup: GMPProvider
1495064548161	addons.manager	DEBUG	Starting provider: PluginProvider
1495064548161	addons.manager	DEBUG	Registering shutdown blocker for PluginProvider
1495064548162	addons.manager	DEBUG	Provider finished startup: PluginProvider
1495064548162	addons.manager	DEBUG	Completed startup sequence
1495064550442	addons.manager	DEBUG	Starting provider: &lt;unnamed-provider&gt;
1495064550442	addons.manager	DEBUG	Registering shutdown blocker for &lt;unnamed-provider&gt;
1495064550443	addons.manager	DEBUG	Provider finished startup: &lt;unnamed-provider&gt;
1495064550949	DeferredSave.extensions.json	DEBUG	Write succeeded
1495064550949	addons.xpi-utils	DEBUG	XPI Database saved, setting schema version preference to 17
1495064550949	DeferredSave.extensions.json	DEBUG	Starting timer
1495064550964	addons.repository	DEBUG	No addons.json found.
1495064550965	DeferredSave.addons.json	DEBUG	Save changes
1495064550968	DeferredSave.addons.json	DEBUG	Starting timer
1495064550991	addons.manager	DEBUG	Starting provider: PreviousExperimentProvider
1495064550992	addons.manager	DEBUG	Registering shutdown blocker for PreviousExperimentProvider
1495064550992	addons.manager	DEBUG	Provider finished startup: PreviousExperimentProvider
1495064550997	DeferredSave.extensions.json	DEBUG	Starting write
1495064551030	DeferredSave.addons.json	DEBUG	Starting write
1495064551038	DeferredSave.extensions.json	DEBUG	Write succeeded
1495064551049	DeferredSave.addons.json	DEBUG	Write succeeded

Build info: version: &apos;2.53.1&apos;, revision: &apos;a36b8b1cd5757287168e54b817830adce9b0158d&apos;, time: &apos;2016-06-30 19:26:09&apos;
System info: host: &apos;Adil-HP&apos;, ip: &apos;192.168.1.12&apos;, os.name: &apos;Windows 7&apos;, os.arch: &apos;amd64&apos;, os.version: &apos;6.1&apos;, java.version: &apos;1.8.0_60&apos;
Driver info: driver.version: FirefoxDriver" type="org.openqa.selenium.WebDriverException">org.openqa.selenium.WebDriverException: Failed to connect to binary FirefoxBinary(C:\Program Files\Mozilla Firefox\firefox.exe) on port 7055; process output follows: 
assic/1.0&quot;,&quot;updateURL&quot;:null,&quot;updateKey&quot;:null,&quot;optionsURL&quot;:null,&quot;optionsType&quot;:null,&quot;aboutURL&quot;:null,&quot;icons&quot;:{&quot;32&quot;:&quot;icon.png&quot;,&quot;48&quot;:&quot;icon.png&quot;},&quot;iconURL&quot;:null,&quot;icon64URL&quot;:null,&quot;defaultLocale&quot;:{&quot;name&quot;:&quot;Default&quot;,&quot;description&quot;:&quot;The default theme.&quot;,&quot;creator&quot;:&quot;Mozilla&quot;,&quot;homepageURL&quot;:null,&quot;contributors&quot;:[&quot;Mozilla Contributors&quot;]},&quot;visible&quot;:true,&quot;active&quot;:true,&quot;userDisabled&quot;:false,&quot;appDisabled&quot;:false,&quot;descriptor&quot;:&quot;C:\\Program Files\\Mozilla Firefox\\browser\\extensions\\{972ce4c6-7e08-4474-a285-3208198ce6fd}.xpi&quot;,&quot;installDate&quot;:1469558821000,&quot;updateDate&quot;:1469558821000,&quot;applyBackgroundUpdates&quot;:1,&quot;skinnable&quot;:true,&quot;size&quot;:21899,&quot;sourceURI&quot;:null,&quot;releaseNotesURI&quot;:null,&quot;softDisabled&quot;:false,&quot;foreignInstall&quot;:false,&quot;hasBinaryComponents&quot;:false,&quot;strictCompatibility&quot;:true,&quot;locales&quot;:[],&quot;targetApplications&quot;:[{&quot;id&quot;:&quot;{ec8030f7-c20a-464f-9b0e-13a3a9e97384}&quot;,&quot;minVersion&quot;:&quot;48.0&quot;,&quot;maxVersion&quot;:&quot;48.0&quot;}],&quot;targetPlatforms&quot;:[],&quot;seen&quot;:true}
1495064548119	addons.xpi	DEBUG	getModTime: Recursive scan of {972ce4c6-7e08-4474-a285-3208198ce6fd}
1495064548120	DeferredSave.extensions.json	DEBUG	Save changes
1495064548120	addons.xpi	DEBUG	Updating database with changes to installed add-ons
1495064548121	addons.xpi-utils	DEBUG	Updating add-on states
1495064548122	addons.xpi-utils	DEBUG	Writing add-ons list
1495064548126	addons.xpi	DEBUG	Registering manifest for C:\Program Files\Mozilla Firefox\browser\features\e10srollout@mozilla.org.xpi
1495064548127	addons.xpi	DEBUG	Calling bootstrap method startup on e10srollout@mozilla.org version 1.0
1495064548127	addons.xpi	DEBUG	Registering manifest for C:\Program Files\Mozilla Firefox\browser\features\firefox@getpocket.com.xpi
1495064548128	addons.xpi	DEBUG	Calling bootstrap method startup on firefox@getpocket.com version 1.0.4
1495064548128	addons.xpi	DEBUG	Registering manifest for C:\Program Files\Mozilla Firefox\browser\features\loop@mozilla.org.xpi
1495064548129	addons.xpi	DEBUG	Calling bootstrap method startup on loop@mozilla.org version 1.4.3
1495064548151	addons.manager	DEBUG	Registering shutdown blocker for XPIProvider
1495064548152	addons.manager	DEBUG	Provider finished startup: XPIProvider
1495064548152	addons.manager	DEBUG	Starting provider: LightweightThemeManager
1495064548152	addons.manager	DEBUG	Registering shutdown blocker for LightweightThemeManager
1495064548152	addons.manager	DEBUG	Provider finished startup: LightweightThemeManager
1495064548153	addons.manager	DEBUG	Starting provider: GMPProvider
1495064548161	addons.manager	DEBUG	Registering shutdown blocker for GMPProvider
1495064548161	addons.manager	DEBUG	Provider finished startup: GMPProvider
1495064548161	addons.manager	DEBUG	Starting provider: PluginProvider
1495064548161	addons.manager	DEBUG	Registering shutdown blocker for PluginProvider
1495064548162	addons.manager	DEBUG	Provider finished startup: PluginProvider
1495064548162	addons.manager	DEBUG	Completed startup sequence
1495064550442	addons.manager	DEBUG	Starting provider: &lt;unnamed-provider&gt;
1495064550442	addons.manager	DEBUG	Registering shutdown blocker for &lt;unnamed-provider&gt;
1495064550443	addons.manager	DEBUG	Provider finished startup: &lt;unnamed-provider&gt;
1495064550949	DeferredSave.extensions.json	DEBUG	Write succeeded
1495064550949	addons.xpi-utils	DEBUG	XPI Database saved, setting schema version preference to 17
1495064550949	DeferredSave.extensions.json	DEBUG	Starting timer
1495064550964	addons.repository	DEBUG	No addons.json found.
1495064550965	DeferredSave.addons.json	DEBUG	Save changes
1495064550968	DeferredSave.addons.json	DEBUG	Starting timer
1495064550991	addons.manager	DEBUG	Starting provider: PreviousExperimentProvider
1495064550992	addons.manager	DEBUG	Registering shutdown blocker for PreviousExperimentProvider
1495064550992	addons.manager	DEBUG	Provider finished startup: PreviousExperimentProvider
1495064550997	DeferredSave.extensions.json	DEBUG	Starting write
1495064551030	DeferredSave.addons.json	DEBUG	Starting write
1495064551038	DeferredSave.extensions.json	DEBUG	Write succeeded
1495064551049	DeferredSave.addons.json	DEBUG	Write succeeded
Build info: version: &apos;2.53.1&apos;, revision: &apos;a36b8b1cd5757287168e54b817830adce9b0158d&apos;, time: &apos;2016-06-30 19:26:09&apos;
System info: host: &apos;Adil-HP&apos;, ip: &apos;192.168.1.12&apos;, os.name: &apos;Windows 7&apos;, os.arch: &apos;amd64&apos;, os.version: &apos;6.1&apos;, java.version: &apos;1.8.0_60&apos;
Driver info: driver.version: FirefoxDriver
	at org.openqa.selenium.firefox.internal.NewProfileExtensionConnection.start(NewProfileExtensionConnection.java:125)
	at org.openqa.selenium.firefox.FirefoxDriver.startClient(FirefoxDriver.java:271)
	at org.openqa.selenium.remote.RemoteWebDriver.&lt;init&gt;(RemoteWebDriver.java:119)
	at org.openqa.selenium.firefox.FirefoxDriver.&lt;init&gt;(FirefoxDriver.java:216)
	at org.openqa.selenium.firefox.FirefoxDriver.&lt;init&gt;(FirefoxDriver.java:211)
	at org.openqa.selenium.firefox.FirefoxDriver.&lt;init&gt;(FirefoxDriver.java:207)
	at org.openqa.selenium.firefox.FirefoxDriver.&lt;init&gt;(FirefoxDriver.java:120)
	at com.learning.selenium.SearchIphoneTest.setUp(SearchIphoneTest.java:28)
Caused by: org.openqa.selenium.firefox.NotConnectedException: Unable to connect to host 127.0.0.1 on port 7055 after 45000 ms. Firefox console output:
assic/1.0&quot;,&quot;updateURL&quot;:null,&quot;updateKey&quot;:null,&quot;optionsURL&quot;:null,&quot;optionsType&quot;:null,&quot;aboutURL&quot;:null,&quot;icons&quot;:{&quot;32&quot;:&quot;icon.png&quot;,&quot;48&quot;:&quot;icon.png&quot;},&quot;iconURL&quot;:null,&quot;icon64URL&quot;:null,&quot;defaultLocale&quot;:{&quot;name&quot;:&quot;Default&quot;,&quot;description&quot;:&quot;The default theme.&quot;,&quot;creator&quot;:&quot;Mozilla&quot;,&quot;homepageURL&quot;:null,&quot;contributors&quot;:[&quot;Mozilla Contributors&quot;]},&quot;visible&quot;:true,&quot;active&quot;:true,&quot;userDisabled&quot;:false,&quot;appDisabled&quot;:false,&quot;descriptor&quot;:&quot;C:\\Program Files\\Mozilla Firefox\\browser\\extensions\\{972ce4c6-7e08-4474-a285-3208198ce6fd}.xpi&quot;,&quot;installDate&quot;:1469558821000,&quot;updateDate&quot;:1469558821000,&quot;applyBackgroundUpdates&quot;:1,&quot;skinnable&quot;:true,&quot;size&quot;:21899,&quot;sourceURI&quot;:null,&quot;releaseNotesURI&quot;:null,&quot;softDisabled&quot;:false,&quot;foreignInstall&quot;:false,&quot;hasBinaryComponents&quot;:false,&quot;strictCompatibility&quot;:true,&quot;locales&quot;:[],&quot;targetApplications&quot;:[{&quot;id&quot;:&quot;{ec8030f7-c20a-464f-9b0e-13a3a9e97384}&quot;,&quot;minVersion&quot;:&quot;48.0&quot;,&quot;maxVersion&quot;:&quot;48.0&quot;}],&quot;targetPlatforms&quot;:[],&quot;seen&quot;:true}
1495064548119	addons.xpi	DEBUG	getModTime: Recursive scan of {972ce4c6-7e08-4474-a285-3208198ce6fd}
1495064548120	DeferredSave.extensions.json	DEBUG	Save changes
1495064548120	addons.xpi	DEBUG	Updating database with changes to installed add-ons
1495064548121	addons.xpi-utils	DEBUG	Updating add-on states
1495064548122	addons.xpi-utils	DEBUG	Writing add-ons list
1495064548126	addons.xpi	DEBUG	Registering manifest for C:\Program Files\Mozilla Firefox\browser\features\e10srollout@mozilla.org.xpi
1495064548127	addons.xpi	DEBUG	Calling bootstrap method startup on e10srollout@mozilla.org version 1.0
1495064548127	addons.xpi	DEBUG	Registering manifest for C:\Program Files\Mozilla Firefox\browser\features\firefox@getpocket.com.xpi
1495064548128	addons.xpi	DEBUG	Calling bootstrap method startup on firefox@getpocket.com version 1.0.4
1495064548128	addons.xpi	DEBUG	Registering manifest for C:\Program Files\Mozilla Firefox\browser\features\loop@mozilla.org.xpi
1495064548129	addons.xpi	DEBUG	Calling bootstrap method startup on loop@mozilla.org version 1.4.3
1495064548151	addons.manager	DEBUG	Registering shutdown blocker for XPIProvider
1495064548152	addons.manager	DEBUG	Provider finished startup: XPIProvider
1495064548152	addons.manager	DEBUG	Starting provider: LightweightThemeManager
1495064548152	addons.manager	DEBUG	Registering shutdown blocker for LightweightThemeManager
1495064548152	addons.manager	DEBUG	Provider finished startup: LightweightThemeManager
1495064548153	addons.manager	DEBUG	Starting provider: GMPProvider
1495064548161	addons.manager	DEBUG	Registering shutdown blocker for GMPProvider
1495064548161	addons.manager	DEBUG	Provider finished startup: GMPProvider
1495064548161	addons.manager	DEBUG	Starting provider: PluginProvider
1495064548161	addons.manager	DEBUG	Registering shutdown blocker for PluginProvider
1495064548162	addons.manager	DEBUG	Provider finished startup: PluginProvider
1495064548162	addons.manager	DEBUG	Completed startup sequence
1495064550442	addons.manager	DEBUG	Starting provider: &lt;unnamed-provider&gt;
1495064550442	addons.manager	DEBUG	Registering shutdown blocker for &lt;unnamed-provider&gt;
1495064550443	addons.manager	DEBUG	Provider finished startup: &lt;unnamed-provider&gt;
1495064550949	DeferredSave.extensions.json	DEBUG	Write succeeded
1495064550949	addons.xpi-utils	DEBUG	XPI Database saved, setting schema version preference to 17
1495064550949	DeferredSave.extensions.json	DEBUG	Starting timer
1495064550964	addons.repository	DEBUG	No addons.json found.
1495064550965	DeferredSave.addons.json	DEBUG	Save changes
1495064550968	DeferredSave.addons.json	DEBUG	Starting timer
1495064550991	addons.manager	DEBUG	Starting provider: PreviousExperimentProvider
1495064550992	addons.manager	DEBUG	Registering shutdown blocker for PreviousExperimentProvider
1495064550992	addons.manager	DEBUG	Provider finished startup: PreviousExperimentProvider
1495064550997	DeferredSave.extensions.json	DEBUG	Starting write
1495064551030	DeferredSave.addons.json	DEBUG	Starting write
1495064551038	DeferredSave.extensions.json	DEBUG	Write succeeded
1495064551049	DeferredSave.addons.json	DEBUG	Write succeeded

	at org.openqa.selenium.firefox.internal.NewProfileExtensionConnection.start(NewProfileExtensionConnection.java:113)
	... 41 more
</failure>
    <system-err>org.openqa.selenium.firefox.NotConnectedException: Unable to connect to host 127.0.0.1 on port 7055 after 45000 ms. Firefox console output:
assic/1.0&quot;,&quot;updateURL&quot;:null,&quot;updateKey&quot;:null,&quot;optionsURL&quot;:null,&quot;optionsType&quot;:null,&quot;aboutURL&quot;:null,&quot;icons&quot;:{&quot;32&quot;:&quot;icon.png&quot;,&quot;48&quot;:&quot;icon.png&quot;},&quot;iconURL&quot;:null,&quot;icon64URL&quot;:null,&quot;defaultLocale&quot;:{&quot;name&quot;:&quot;Default&quot;,&quot;description&quot;:&quot;The default theme.&quot;,&quot;creator&quot;:&quot;Mozilla&quot;,&quot;homepageURL&quot;:null,&quot;contributors&quot;:[&quot;Mozilla Contributors&quot;]},&quot;visible&quot;:true,&quot;active&quot;:true,&quot;userDisabled&quot;:false,&quot;appDisabled&quot;:false,&quot;descriptor&quot;:&quot;C:\\Program Files\\Mozilla Firefox\\browser\\extensions\\{972ce4c6-7e08-4474-a285-3208198ce6fd}.xpi&quot;,&quot;installDate&quot;:1469558821000,&quot;updateDate&quot;:1469558821000,&quot;applyBackgroundUpdates&quot;:1,&quot;skinnable&quot;:true,&quot;size&quot;:21899,&quot;sourceURI&quot;:null,&quot;releaseNotesURI&quot;:null,&quot;softDisabled&quot;:false,&quot;foreignInstall&quot;:false,&quot;hasBinaryComponents&quot;:false,&quot;strictCompatibility&quot;:true,&quot;locales&quot;:[],&quot;targetApplications&quot;:[{&quot;id&quot;:&quot;{ec8030f7-c20a-464f-9b0e-13a3a9e97384}&quot;,&quot;minVersion&quot;:&quot;48.0&quot;,&quot;maxVersion&quot;:&quot;48.0&quot;}],&quot;targetPlatforms&quot;:[],&quot;seen&quot;:true}
1495064548119	addons.xpi	DEBUG	getModTime: Recursive scan of {972ce4c6-7e08-4474-a285-3208198ce6fd}
1495064548120	DeferredSave.extensions.json	DEBUG	Save changes
1495064548120	addons.xpi	DEBUG	Updating database with changes to installed add-ons
1495064548121	addons.xpi-utils	DEBUG	Updating add-on states
1495064548122	addons.xpi-utils	DEBUG	Writing add-ons list
1495064548126	addons.xpi	DEBUG	Registering manifest for C:\Program Files\Mozilla Firefox\browser\features\e10srollout@mozilla.org.xpi
1495064548127	addons.xpi	DEBUG	Calling bootstrap method startup on e10srollout@mozilla.org version 1.0
1495064548127	addons.xpi	DEBUG	Registering manifest for C:\Program Files\Mozilla Firefox\browser\features\firefox@getpocket.com.xpi
1495064548128	addons.xpi	DEBUG	Calling bootstrap method startup on firefox@getpocket.com version 1.0.4
1495064548128	addons.xpi	DEBUG	Registering manifest for C:\Program Files\Mozilla Firefox\browser\features\loop@mozilla.org.xpi
1495064548129	addons.xpi	DEBUG	Calling bootstrap method startup on loop@mozilla.org version 1.4.3
1495064548151	addons.manager	DEBUG	Registering shutdown blocker for XPIProvider
1495064548152	addons.manager	DEBUG	Provider finished startup: XPIProvider
1495064548152	addons.manager	DEBUG	Starting provider: LightweightThemeManager
1495064548152	addons.manager	DEBUG	Registering shutdown blocker for LightweightThemeManager
1495064548152	addons.manager	DEBUG	Provider finished startup: LightweightThemeManager
1495064548153	addons.manager	DEBUG	Starting provider: GMPProvider
1495064548161	addons.manager	DEBUG	Registering shutdown blocker for GMPProvider
1495064548161	addons.manager	DEBUG	Provider finished startup: GMPProvider
1495064548161	addons.manager	DEBUG	Starting provider: PluginProvider
1495064548161	addons.manager	DEBUG	Registering shutdown blocker for PluginProvider
1495064548162	addons.manager	DEBUG	Provider finished startup: PluginProvider
1495064548162	addons.manager	DEBUG	Completed startup sequence
1495064550442	addons.manager	DEBUG	Starting provider: &lt;unnamed-provider&gt;
1495064550442	addons.manager	DEBUG	Registering shutdown blocker for &lt;unnamed-provider&gt;
1495064550443	addons.manager	DEBUG	Provider finished startup: &lt;unnamed-provider&gt;
1495064550949	DeferredSave.extensions.json	DEBUG	Write succeeded
1495064550949	addons.xpi-utils	DEBUG	XPI Database saved, setting schema version preference to 17
1495064550949	DeferredSave.extensions.json	DEBUG	Starting timer
1495064550964	addons.repository	DEBUG	No addons.json found.
1495064550965	DeferredSave.addons.json	DEBUG	Save changes
1495064550968	DeferredSave.addons.json	DEBUG	Starting timer
1495064550991	addons.manager	DEBUG	Starting provider: PreviousExperimentProvider
1495064550992	addons.manager	DEBUG	Registering shutdown blocker for PreviousExperimentProvider
1495064550992	addons.manager	DEBUG	Provider finished startup: PreviousExperimentProvider
1495064550997	DeferredSave.extensions.json	DEBUG	Starting write
1495064551030	DeferredSave.addons.json	DEBUG	Starting write
1495064551038	DeferredSave.extensions.json	DEBUG	Write succeeded
1495064551049	DeferredSave.addons.json	DEBUG	Write succeeded

	at org.openqa.selenium.firefox.internal.NewProfileExtensionConnection.start(NewProfileExtensionConnection.java:113)
	at org.openqa.selenium.firefox.FirefoxDriver.startClient(FirefoxDriver.java:271)
	at org.openqa.selenium.remote.RemoteWebDriver.&lt;init&gt;(RemoteWebDriver.java:119)
	at org.openqa.selenium.firefox.FirefoxDriver.&lt;init&gt;(FirefoxDriver.java:216)
	at org.openqa.selenium.firefox.FirefoxDriver.&lt;init&gt;(FirefoxDriver.java:211)
	at org.openqa.selenium.firefox.FirefoxDriver.&lt;init&gt;(FirefoxDriver.java:207)
	at org.openqa.selenium.firefox.FirefoxDriver.&lt;init&gt;(FirefoxDriver.java:120)
	at com.learning.selenium.SearchIphoneTest.setUp(SearchIphoneTest.java:28)
	at sun.reflect.NativeMethodAccessorImpl.invoke0(Native Method)
	at sun.reflect.NativeMethodAccessorImpl.invoke(NativeMethodAccessorImpl.java:62)
	at sun.reflect.DelegatingMethodAccessorImpl.invoke(DelegatingMethodAccessorImpl.java:43)
	at java.lang.reflect.Method.invoke(Method.java:497)
	at org.testng.internal.MethodInvocationHelper.invokeMethod(MethodInvocationHelper.java:86)
	at org.testng.internal.Invoker.invokeConfigurationMethod(Invoker.java:514)
	at org.testng.internal.Invoker.invokeConfigurations(Invoker.java:215)
	at org.testng.internal.Invoker.invokeConfigurations(Invoker.java:142)
	at org.testng.internal.TestMethodWorker.invokeBeforeClassMethods(TestMethodWorker.java:178)
	at org.testng.internal.TestMethodWorker.run(TestMethodWorker.java:108)
	at org.testng.TestRunner.privateRun(TestRunner.java:782)
	at org.testng.TestRunner.run(TestRunner.java:632)
	at org.testng.SuiteRunner.runTest(SuiteRunner.java:366)
	at org.testng.SuiteRunner.runSequentially(SuiteRunner.java:361)
	at org.testng.SuiteRunner.privateRun(SuiteRunner.java:319)
	at org.testng.SuiteRunner.run(SuiteRunner.java:268)
	at org.testng.SuiteRunnerWorker.runSuite(SuiteRunnerWorker.java:52)
	at org.testng.SuiteRunnerWorker.run(SuiteRunnerWorker.java:86)
	at org.testng.TestNG.runSuitesSequentially(TestNG.java:1244)
	at org.testng.TestNG.runSuitesLocally(TestNG.java:1169)
	at org.testng.TestNG.run(TestNG.java:1064)
	at org.apache.maven.surefire.testng.TestNGExecutor.run(TestNGExecutor.java:77)
	at org.apache.maven.surefire.testng.TestNGDirectoryTestSuite.executeMulti(TestNGDirectoryTestSuite.java:159)
	at org.apache.maven.surefire.testng.TestNGDirectoryTestSuite.execute(TestNGDirectoryTestSuite.java:99)
	at org.apache.maven.surefire.testng.TestNGProvider.invoke(TestNGProvider.java:106)
	at sun.reflect.NativeMethodAccessorImpl.invoke0(Native Method)
	at sun.reflect.NativeMethodAccessorImpl.invoke(NativeMethodAccessorImpl.java:62)
	at sun.reflect.DelegatingMethodAccessorImpl.invoke(DelegatingMethodAccessorImpl.java:43)
	at java.lang.reflect.Method.invoke(Method.java:497)
	at org.apache.maven.surefire.util.ReflectionUtils.invokeMethodWithArray(ReflectionUtils.java:189)
	at org.apache.maven.surefire.booter.ProviderFactory$ProviderProxy.invoke(ProviderFactory.java:165)
	at org.apache.maven.surefire.booter.ProviderFactory.invokeProvider(ProviderFactory.java:85)
	at org.apache.maven.surefire.booter.ForkedBooter.runSuitesInProcess(ForkedBooter.java:115)
	at org.apache.maven.surefire.booter.ForkedBooter.main(ForkedBooter.java:75)
</system-err>
  </testcase>
  <testcase classname="com.learning.selenium.SearchIphoneTest" name="testSearchIphone7RecordScript" time="0">
    <skipped/>
  </testcase>
  <testcase classname="com.learning.selenium.SearchIphoneTest" name="tearDown" time="0">
    <failure type="java.lang.NullPointerException">java.lang.NullPointerException
	at com.learning.selenium.SearchIphoneTest.tearDown(SearchIphoneTest.java:85)
</failure>
  </testcase>
</testsuite>