<!DOCTYPE HTML PUBLIC "-//W3C//DTD HTML 4.01 Transitional//EN" "http://www.w3.org/TR/html4/loose.dtd">
<html>
<head>
<title>Selenium Logs</title>
<style type="text/css">
<!--
body, table {font-family: arial,sans-serif; font-size: x-small;}
th {background: #336699; color: #FFFFFF; text-align: left;}
-->
</style>
</head>
<body bgcolor="#FFFFFF" topmargin="6" leftmargin="6">
<hr size="1" noshade>
Log session start time Wed May 17 19:41:39 EDT 2017<br>
<br>
<table cellspacing="0" cellpadding="4" border="1" bordercolor="#224466" width="100%">
<tr>
<th>Time</th>
<th>Thread</th>
<th>Level</th>
<th>Category</th>
<th>File:Line</th>
<th>Message</th>
</tr>

<tr>
<td>2</td>
<td title="main thread">main</td>
<td title="Level"><font color="#993300"><strong>ERROR</strong></font></td>
<td title="com.selenium.customlibrary.UtilityLibrary category">com.selenium.customlibrary.UtilityLibrary</td>
<td>UtilityLibrary.java:182</td>
<td title="Message">unknown error: cannot get automation extension
from unknown error: page could not be found: chrome-extension://aapnijgdinlhnhlmodcfapnahmbfebeb/_generated_background_page.html
  (Session info: chrome=57.0.2987.133)
  (Driver info: chromedriver=2.25.426923 (0390b88869384d6eb0d5d09729679f934aab9eed),platform=Windows NT 6.1.7601 SP1 x86_64) (WARNING: The server did not provide any stacktrace information)
Command duration or timeout: 10.03 seconds
Build info: version: '2.53.1', revision: 'a36b8b1cd5757287168e54b817830adce9b0158d', time: '2016-06-30 19:26:09'
System info: host: 'Adil-HP', ip: '192.168.1.12', os.name: 'Windows 7', os.arch: 'amd64', os.version: '6.1', java.version: '1.8.0_60'
Driver info: org.openqa.selenium.chrome.ChromeDriver
Capabilities [{applicationCacheEnabled=false, rotatable=false, mobileEmulationEnabled=false, networkConnectionEnabled=false, chrome={chromedriverVersion=2.25.426923 (0390b88869384d6eb0d5d09729679f934aab9eed), userDataDir=C:\Users\Adil\AppData\Local\Temp\scoped_dir11328_20793}, takesHeapSnapshot=true, pageLoadStrategy=normal, databaseEnabled=false, handlesAlerts=true, hasTouchScreen=false, version=57.0.2987.133, platform=XP, browserConnectionEnabled=false, nativeEvents=true, acceptSslCerts=true, locationContextEnabled=true, webStorageEnabled=true, browserName=chrome, takesScreenshot=true, javascriptEnabled=true, cssSelectorsEnabled=true}]
Session ID: fdb0069e04385a10486cb54e891b3684</td>
</tr>
<tr><td bgcolor="#993300" style="color:White; font-size : xx-small;" colspan="6">org.openqa.selenium.WebDriverException: unknown error: cannot get automation extension
<br>&nbsp;&nbsp;&nbsp;&nbsp;from unknown error: page could not be found: chrome-extension://aapnijgdinlhnhlmodcfapnahmbfebeb/_generated_background_page.html
<br>&nbsp;&nbsp;&nbsp;&nbsp;  (Session info: chrome=57.0.2987.133)
<br>&nbsp;&nbsp;&nbsp;&nbsp;  (Driver info: chromedriver=2.25.426923 (0390b88869384d6eb0d5d09729679f934aab9eed),platform=Windows NT 6.1.7601 SP1 x86_64) (WARNING: The server did not provide any stacktrace information)
<br>&nbsp;&nbsp;&nbsp;&nbsp;Command duration or timeout: 10.03 seconds
<br>&nbsp;&nbsp;&nbsp;&nbsp;Build info: version: '2.53.1', revision: 'a36b8b1cd5757287168e54b817830adce9b0158d', time: '2016-06-30 19:26:09'
<br>&nbsp;&nbsp;&nbsp;&nbsp;System info: host: 'Adil-HP', ip: '192.168.1.12', os.name: 'Windows 7', os.arch: 'amd64', os.version: '6.1', java.version: '1.8.0_60'
<br>&nbsp;&nbsp;&nbsp;&nbsp;Driver info: org.openqa.selenium.chrome.ChromeDriver
<br>&nbsp;&nbsp;&nbsp;&nbsp;Capabilities [{applicationCacheEnabled=false, rotatable=false, mobileEmulationEnabled=false, networkConnectionEnabled=false, chrome={chromedriverVersion=2.25.426923 (0390b88869384d6eb0d5d09729679f934aab9eed), userDataDir=C:\Users\Adil\AppData\Local\Temp\scoped_dir11328_20793}, takesHeapSnapshot=true, pageLoadStrategy=normal, databaseEnabled=false, handlesAlerts=true, hasTouchScreen=false, version=57.0.2987.133, platform=XP, browserConnectionEnabled=false, nativeEvents=true, acceptSslCerts=true, locationContextEnabled=true, webStorageEnabled=true, browserName=chrome, takesScreenshot=true, javascriptEnabled=true, cssSelectorsEnabled=true}]
<br>&nbsp;&nbsp;&nbsp;&nbsp;Session ID: fdb0069e04385a10486cb54e891b3684
<br>&nbsp;&nbsp;&nbsp;&nbsp;	at sun.reflect.NativeConstructorAccessorImpl.newInstance0(Native Method)
<br>&nbsp;&nbsp;&nbsp;&nbsp;	at sun.reflect.NativeConstructorAccessorImpl.newInstance(NativeConstructorAccessorImpl.java:62)
<br>&nbsp;&nbsp;&nbsp;&nbsp;	at sun.reflect.DelegatingConstructorAccessorImpl.newInstance(DelegatingConstructorAccessorImpl.java:45)
<br>&nbsp;&nbsp;&nbsp;&nbsp;	at java.lang.reflect.Constructor.newInstance(Constructor.java:422)
<br>&nbsp;&nbsp;&nbsp;&nbsp;	at org.openqa.selenium.remote.ErrorHandler.createThrowable(ErrorHandler.java:206)
<br>&nbsp;&nbsp;&nbsp;&nbsp;	at org.openqa.selenium.remote.ErrorHandler.throwIfResponseFailed(ErrorHandler.java:158)
<br>&nbsp;&nbsp;&nbsp;&nbsp;	at org.openqa.selenium.remote.RemoteWebDriver.execute(RemoteWebDriver.java:678)
<br>&nbsp;&nbsp;&nbsp;&nbsp;	at org.openqa.selenium.remote.RemoteWebDriver$RemoteWebDriverOptions$RemoteWindow.maximize(RemoteWebDriver.java:945)
<br>&nbsp;&nbsp;&nbsp;&nbsp;	at com.selenium.customlibrary.UtilityLibrary.setDefaultWaitConfiguration(UtilityLibrary.java:177)
<br>&nbsp;&nbsp;&nbsp;&nbsp;	at com.selenium.customlibrary.UtilityLibrary.startChromeBrowser(UtilityLibrary.java:131)
<br>&nbsp;&nbsp;&nbsp;&nbsp;	at com.selenium.customlibrary.UtilityLibrary.startLocalBrowser(UtilityLibrary.java:108)
<br>&nbsp;&nbsp;&nbsp;&nbsp;	at com.selenium.week4.MorgageCalculatorTest.setup(MorgageCalculatorTest.java:30)
<br>&nbsp;&nbsp;&nbsp;&nbsp;	at sun.reflect.NativeMethodAccessorImpl.invoke0(Native Method)
<br>&nbsp;&nbsp;&nbsp;&nbsp;	at sun.reflect.NativeMethodAccessorImpl.invoke(NativeMethodAccessorImpl.java:62)
<br>&nbsp;&nbsp;&nbsp;&nbsp;	at sun.reflect.DelegatingMethodAccessorImpl.invoke(DelegatingMethodAccessorImpl.java:43)
<br>&nbsp;&nbsp;&nbsp;&nbsp;	at java.lang.reflect.Method.invoke(Method.java:497)
<br>&nbsp;&nbsp;&nbsp;&nbsp;	at org.testng.internal.MethodInvocationHelper.invokeMethod(MethodInvocationHelper.java:86)
<br>&nbsp;&nbsp;&nbsp;&nbsp;	at org.testng.internal.Invoker.invokeConfigurationMethod(Invoker.java:514)
<br>&nbsp;&nbsp;&nbsp;&nbsp;	at org.testng.internal.Invoker.invokeConfigurations(Invoker.java:215)
<br>&nbsp;&nbsp;&nbsp;&nbsp;	at org.testng.internal.Invoker.invokeMethod(Invoker.java:589)
<br>&nbsp;&nbsp;&nbsp;&nbsp;	at org.testng.internal.Invoker.invokeTestMethod(Invoker.java:820)
<br>&nbsp;&nbsp;&nbsp;&nbsp;	at org.testng.internal.Invoker.invokeTestMethods(Invoker.java:1128)
<br>&nbsp;&nbsp;&nbsp;&nbsp;	at org.testng.internal.TestMethodWorker.invokeTestMethods(TestMethodWorker.java:129)
<br>&nbsp;&nbsp;&nbsp;&nbsp;	at org.testng.internal.TestMethodWorker.run(TestMethodWorker.java:112)
<br>&nbsp;&nbsp;&nbsp;&nbsp;	at org.testng.TestRunner.privateRun(TestRunner.java:782)
<br>&nbsp;&nbsp;&nbsp;&nbsp;	at org.testng.TestRunner.run(TestRunner.java:632)
<br>&nbsp;&nbsp;&nbsp;&nbsp;	at org.testng.SuiteRunner.runTest(SuiteRunner.java:366)
<br>&nbsp;&nbsp;&nbsp;&nbsp;	at org.testng.SuiteRunner.runSequentially(SuiteRunner.java:361)
<br>&nbsp;&nbsp;&nbsp;&nbsp;	at org.testng.SuiteRunner.privateRun(SuiteRunner.java:319)
<br>&nbsp;&nbsp;&nbsp;&nbsp;	at org.testng.SuiteRunner.run(SuiteRunner.java:268)
<br>&nbsp;&nbsp;&nbsp;&nbsp;	at org.testng.SuiteRunnerWorker.runSuite(SuiteRunnerWorker.java:52)
<br>&nbsp;&nbsp;&nbsp;&nbsp;	at org.testng.SuiteRunnerWorker.run(SuiteRunnerWorker.java:86)
<br>&nbsp;&nbsp;&nbsp;&nbsp;	at org.testng.TestNG.runSuitesSequentially(TestNG.java:1244)
<br>&nbsp;&nbsp;&nbsp;&nbsp;	at org.testng.TestNG.runSuitesLocally(TestNG.java:1169)
<br>&nbsp;&nbsp;&nbsp;&nbsp;	at org.testng.TestNG.run(TestNG.java:1064)
<br>&nbsp;&nbsp;&nbsp;&nbsp;	at org.apache.maven.surefire.testng.TestNGExecutor.run(TestNGExecutor.java:77)
<br>&nbsp;&nbsp;&nbsp;&nbsp;	at org.apache.maven.surefire.testng.TestNGDirectoryTestSuite.executeMulti(TestNGDirectoryTestSuite.java:159)
<br>&nbsp;&nbsp;&nbsp;&nbsp;	at org.apache.maven.surefire.testng.TestNGDirectoryTestSuite.execute(TestNGDirectoryTestSuite.java:99)
<br>&nbsp;&nbsp;&nbsp;&nbsp;	at org.apache.maven.surefire.testng.TestNGProvider.invoke(TestNGProvider.java:106)
<br>&nbsp;&nbsp;&nbsp;&nbsp;	at sun.reflect.NativeMethodAccessorImpl.invoke0(Native Method)
<br>&nbsp;&nbsp;&nbsp;&nbsp;	at sun.reflect.NativeMethodAccessorImpl.invoke(NativeMethodAccessorImpl.java:62)
<br>&nbsp;&nbsp;&nbsp;&nbsp;	at sun.reflect.DelegatingMethodAccessorImpl.invoke(DelegatingMethodAccessorImpl.java:43)
<br>&nbsp;&nbsp;&nbsp;&nbsp;	at java.lang.reflect.Method.invoke(Method.java:497)
<br>&nbsp;&nbsp;&nbsp;&nbsp;	at org.apache.maven.surefire.util.ReflectionUtils.invokeMethodWithArray(ReflectionUtils.java:189)
<br>&nbsp;&nbsp;&nbsp;&nbsp;	at org.apache.maven.surefire.booter.ProviderFactory$ProviderProxy.invoke(ProviderFactory.java:165)
<br>&nbsp;&nbsp;&nbsp;&nbsp;	at org.apache.maven.surefire.booter.ProviderFactory.invokeProvider(ProviderFactory.java:85)
<br>&nbsp;&nbsp;&nbsp;&nbsp;	at org.apache.maven.surefire.booter.ForkedBooter.runSuitesInProcess(ForkedBooter.java:115)
<br>&nbsp;&nbsp;&nbsp;&nbsp;	at org.apache.maven.surefire.booter.ForkedBooter.main(ForkedBooter.java:75)
</td></tr>

<tr>
<td>25</td>
<td title="main thread">main</td>
<td title="Level">INFO</td>
<td title="com.selenium.customlibrary.UtilityLibrary category">com.selenium.customlibrary.UtilityLibrary</td>
<td>UtilityLibrary.java:118</td>
<td title="Message">starting browser: 'chrome'</td>
</tr>
<!DOCTYPE HTML PUBLIC "-//W3C//DTD HTML 4.01 Transitional//EN" "http://www.w3.org/TR/html4/loose.dtd">
<html>
<head>
<title>Selenium Logs</title>
<style type="text/css">
<!--
body, table {font-family: arial,sans-serif; font-size: x-small;}
th {background: #336699; color: #FFFFFF; text-align: left;}
-->
</style>
</head>
<body bgcolor="#FFFFFF" topmargin="6" leftmargin="6">
<hr size="1" noshade>
Log session start time Thu Aug 02 23:16:36 EDT 2018<br>
<br>
<table cellspacing="0" cellpadding="4" border="1" bordercolor="#224466" width="100%">
<tr>
<th>Time</th>
<th>Thread</th>
<th>Level</th>
<th>Category</th>
<th>File:Line</th>
<th>Message</th>
</tr>

<tr>
<td>0</td>
<td title="TestNG thread">TestNG</td>
<td title="Level">INFO</td>
<td title="com.selenium.customlibrary.BasePage category">com.selenium.customlibrary.BasePage</td>
<td>BasePage.java:45</td>
<td title="Message">Test is running demo mode OFF</td>
</tr>

<tr>
<td>55</td>
<td title="TestNG thread">TestNG</td>
<td title="Level">INFO</td>
<td title="com.selenium.customlibrary.BasePage category">com.selenium.customlibrary.BasePage</td>
<td>BasePage.java:74</td>
<td title="Message">Starting test ...</td>
</tr>

<tr>
<td>14653</td>
<td title="TestNG thread">TestNG</td>
<td title="Level"><font color="#993300"><strong>ERROR</strong></font></td>
<td title="com.selenium.customlibrary.UtilityLibrary category">com.selenium.customlibrary.UtilityLibrary</td>
<td>UtilityLibrary.java:182</td>
<td title="Message">unknown error: cannot get automation extension
from chrome not reachable
  (Session info: chrome=66.0.3359.117)
  (Driver info: chromedriver=2.25.426923 (0390b88869384d6eb0d5d09729679f934aab9eed),platform=Windows NT 6.1.7601 SP1 x86_64) (WARNING: The server did not provide any stacktrace information)
Command duration or timeout: 9.98 seconds
Build info: version: '2.53.1', revision: 'a36b8b1cd5757287168e54b817830adce9b0158d', time: '2016-06-30 19:26:09'
System info: host: 'Adil-HP', ip: '192.168.0.21', os.name: 'Windows 7', os.arch: 'amd64', os.version: '6.1', java.version: '1.8.0_60'
Driver info: org.openqa.selenium.chrome.ChromeDriver
Capabilities [{applicationCacheEnabled=false, rotatable=false, mobileEmulationEnabled=false, networkConnectionEnabled=false, chrome={chromedriverVersion=2.25.426923 (0390b88869384d6eb0d5d09729679f934aab9eed), userDataDir=C:\Users\Adil\AppData\Local\Temp\scoped_dir7512_22285}, takesHeapSnapshot=true, pageLoadStrategy=normal, databaseEnabled=false, handlesAlerts=true, hasTouchScreen=false, version=66.0.3359.117, platform=XP, browserConnectionEnabled=false, nativeEvents=true, acceptSslCerts=true, locationContextEnabled=true, webStorageEnabled=true, browserName=chrome, takesScreenshot=true, javascriptEnabled=true, cssSelectorsEnabled=true}]
Session ID: ede3b74445abf7cf0dda525e266ef19c</td>
</tr>
<tr><td bgcolor="#993300" style="color:White; font-size : xx-small;" colspan="6">org.openqa.selenium.WebDriverException: unknown error: cannot get automation extension
<br>&nbsp;&nbsp;&nbsp;&nbsp;from chrome not reachable
<br>&nbsp;&nbsp;&nbsp;&nbsp;  (Session info: chrome=66.0.3359.117)
<br>&nbsp;&nbsp;&nbsp;&nbsp;  (Driver info: chromedriver=2.25.426923 (0390b88869384d6eb0d5d09729679f934aab9eed),platform=Windows NT 6.1.7601 SP1 x86_64) (WARNING: The server did not provide any stacktrace information)
<br>&nbsp;&nbsp;&nbsp;&nbsp;Command duration or timeout: 9.98 seconds
<br>&nbsp;&nbsp;&nbsp;&nbsp;Build info: version: '2.53.1', revision: 'a36b8b1cd5757287168e54b817830adce9b0158d', time: '2016-06-30 19:26:09'
<br>&nbsp;&nbsp;&nbsp;&nbsp;System info: host: 'Adil-HP', ip: '192.168.0.21', os.name: 'Windows 7', os.arch: 'amd64', os.version: '6.1', java.version: '1.8.0_60'
<br>&nbsp;&nbsp;&nbsp;&nbsp;Driver info: org.openqa.selenium.chrome.ChromeDriver
<br>&nbsp;&nbsp;&nbsp;&nbsp;Capabilities [{applicationCacheEnabled=false, rotatable=false, mobileEmulationEnabled=false, networkConnectionEnabled=false, chrome={chromedriverVersion=2.25.426923 (0390b88869384d6eb0d5d09729679f934aab9eed), userDataDir=C:\Users\Adil\AppData\Local\Temp\scoped_dir7512_22285}, takesHeapSnapshot=true, pageLoadStrategy=normal, databaseEnabled=false, handlesAlerts=true, hasTouchScreen=false, version=66.0.3359.117, platform=XP, browserConnectionEnabled=false, nativeEvents=true, acceptSslCerts=true, locationContextEnabled=true, webStorageEnabled=true, browserName=chrome, takesScreenshot=true, javascriptEnabled=true, cssSelectorsEnabled=true}]
<br>&nbsp;&nbsp;&nbsp;&nbsp;Session ID: ede3b74445abf7cf0dda525e266ef19c
<br>&nbsp;&nbsp;&nbsp;&nbsp;	at sun.reflect.NativeConstructorAccessorImpl.newInstance0(Native Method)
<br>&nbsp;&nbsp;&nbsp;&nbsp;	at sun.reflect.NativeConstructorAccessorImpl.newInstance(Unknown Source)
<br>&nbsp;&nbsp;&nbsp;&nbsp;	at sun.reflect.DelegatingConstructorAccessorImpl.newInstance(Unknown Source)
<br>&nbsp;&nbsp;&nbsp;&nbsp;	at java.lang.reflect.Constructor.newInstance(Unknown Source)
<br>&nbsp;&nbsp;&nbsp;&nbsp;	at org.openqa.selenium.remote.ErrorHandler.createThrowable(ErrorHandler.java:206)
<br>&nbsp;&nbsp;&nbsp;&nbsp;	at org.openqa.selenium.remote.ErrorHandler.throwIfResponseFailed(ErrorHandler.java:158)
<br>&nbsp;&nbsp;&nbsp;&nbsp;	at org.openqa.selenium.remote.RemoteWebDriver.execute(RemoteWebDriver.java:678)
<br>&nbsp;&nbsp;&nbsp;&nbsp;	at org.openqa.selenium.remote.RemoteWebDriver$RemoteWebDriverOptions$RemoteWindow.maximize(RemoteWebDriver.java:945)
<br>&nbsp;&nbsp;&nbsp;&nbsp;	at com.selenium.customlibrary.UtilityLibrary.setDefaultWaitConfiguration(UtilityLibrary.java:177)
<br>&nbsp;&nbsp;&nbsp;&nbsp;	at com.selenium.customlibrary.UtilityLibrary.startChromeBrowser(UtilityLibrary.java:131)
<br>&nbsp;&nbsp;&nbsp;&nbsp;	at com.selenium.customlibrary.UtilityLibrary.startLocalBrowser(UtilityLibrary.java:108)
<br>&nbsp;&nbsp;&nbsp;&nbsp;	at com.selenium.customlibrary.BasePage.beforEachTest(BasePage.java:79)
<br>&nbsp;&nbsp;&nbsp;&nbsp;	at sun.reflect.NativeMethodAccessorImpl.invoke0(Native Method)
<br>&nbsp;&nbsp;&nbsp;&nbsp;	at sun.reflect.NativeMethodAccessorImpl.invoke(Unknown Source)
<br>&nbsp;&nbsp;&nbsp;&nbsp;	at sun.reflect.DelegatingMethodAccessorImpl.invoke(Unknown Source)
<br>&nbsp;&nbsp;&nbsp;&nbsp;	at java.lang.reflect.Method.invoke(Unknown Source)
<br>&nbsp;&nbsp;&nbsp;&nbsp;	at org.testng.internal.MethodInvocationHelper.invokeMethod(MethodInvocationHelper.java:86)
<br>&nbsp;&nbsp;&nbsp;&nbsp;	at org.testng.internal.Invoker.invokeConfigurationMethod(Invoker.java:514)
<br>&nbsp;&nbsp;&nbsp;&nbsp;	at org.testng.internal.Invoker.invokeConfigurations(Invoker.java:215)
<br>&nbsp;&nbsp;&nbsp;&nbsp;	at org.testng.internal.Invoker.invokeMethod(Invoker.java:589)
<br>&nbsp;&nbsp;&nbsp;&nbsp;	at org.testng.internal.Invoker.invokeTestMethod(Invoker.java:820)
<br>&nbsp;&nbsp;&nbsp;&nbsp;	at org.testng.internal.Invoker.invokeTestMethods(Invoker.java:1128)
<br>&nbsp;&nbsp;&nbsp;&nbsp;	at org.testng.internal.TestMethodWorker.invokeTestMethods(TestMethodWorker.java:129)
<br>&nbsp;&nbsp;&nbsp;&nbsp;	at org.testng.internal.TestMethodWorker.run(TestMethodWorker.java:112)
<br>&nbsp;&nbsp;&nbsp;&nbsp;	at org.testng.TestRunner.privateRun(TestRunner.java:782)
<br>&nbsp;&nbsp;&nbsp;&nbsp;	at org.testng.TestRunner.run(TestRunner.java:632)
<br>&nbsp;&nbsp;&nbsp;&nbsp;	at org.testng.SuiteRunner.runTest(SuiteRunner.java:366)
<br>&nbsp;&nbsp;&nbsp;&nbsp;	at org.testng.SuiteRunner.access$000(SuiteRunner.java:39)
<br>&nbsp;&nbsp;&nbsp;&nbsp;	at org.testng.SuiteRunner$SuiteWorker.run(SuiteRunner.java:400)
<br>&nbsp;&nbsp;&nbsp;&nbsp;	at org.testng.internal.thread.ThreadUtil$2.call(ThreadUtil.java:64)
<br>&nbsp;&nbsp;&nbsp;&nbsp;	at java.util.concurrent.FutureTask.run(Unknown Source)
<br>&nbsp;&nbsp;&nbsp;&nbsp;	at java.util.concurrent.ThreadPoolExecutor.runWorker(Unknown Source)
<br>&nbsp;&nbsp;&nbsp;&nbsp;	at java.util.concurrent.ThreadPoolExecutor$Worker.run(Unknown Source)
<br>&nbsp;&nbsp;&nbsp;&nbsp;	at java.lang.Thread.run(Unknown Source)
</td></tr>

<tr>
<td>14657</td>
<td title="TestNG thread">TestNG</td>
<td title="Level">INFO</td>
<td title="com.selenium.customlibrary.UtilityLibrary category">com.selenium.customlibrary.UtilityLibrary</td>
<td>UtilityLibrary.java:118</td>
<td title="Message">starting browser: 'chrome'</td>
</tr>

<tr>
<td>14669</td>
<td title="TestNG thread">TestNG</td>
<td title="Level">INFO</td>
<td title="com.selenium.week8.greatcourses.tests.GreatCourseRegressionTests category">com.selenium.week8.greatcourses.tests.GreatCourseRegressionTests</td>
<td>GreatCourseRegressionTests.java:26</td>
<td title="Message">Step1: open website</td>
</tr>

<tr>
<td>22719</td>
<td title="TestNG thread">TestNG</td>
<td title="Level"><font color="#993300"><strong>ERROR</strong></font></td>
<td title="com.selenium.customlibrary.UtilityLibrary category">com.selenium.customlibrary.UtilityLibrary</td>
<td>UtilityLibrary.java:306</td>
<td title="Message">org.openqa.selenium.WebDriverException: chrome not reachable
  (Session info: chrome=66.0.3359.117)
  (Driver info: chromedriver=2.25.426923 (0390b88869384d6eb0d5d09729679f934aab9eed),platform=Windows NT 6.1.7601 SP1 x86_64) (WARNING: The server did not provide any stacktrace information)
Command duration or timeout: 4.03 seconds
Build info: version: '2.53.1', revision: 'a36b8b1cd5757287168e54b817830adce9b0158d', time: '2016-06-30 19:26:09'
System info: host: 'Adil-HP', ip: '192.168.0.21', os.name: 'Windows 7', os.arch: 'amd64', os.version: '6.1', java.version: '1.8.0_60'
Driver info: org.openqa.selenium.chrome.ChromeDriver
Capabilities [{applicationCacheEnabled=false, rotatable=false, mobileEmulationEnabled=false, networkConnectionEnabled=false, chrome={chromedriverVersion=2.25.426923 (0390b88869384d6eb0d5d09729679f934aab9eed), userDataDir=C:\Users\Adil\AppData\Local\Temp\scoped_dir7512_22285}, takesHeapSnapshot=true, pageLoadStrategy=normal, databaseEnabled=false, handlesAlerts=true, hasTouchScreen=false, version=66.0.3359.117, platform=XP, browserConnectionEnabled=false, nativeEvents=true, acceptSslCerts=true, locationContextEnabled=true, webStorageEnabled=true, browserName=chrome, takesScreenshot=true, javascriptEnabled=true, cssSelectorsEnabled=true}]
Session ID: ede3b74445abf7cf0dda525e266ef19c</td>
</tr>
